# JRE version: Java(TM) SE Runtime Environment (7.0_45-b18) (build 1.7.0_45-b18)
# Java VM: Java HotSpot(TM) Client VM (24.45-b08 mixed mode, sharing windows-x86 )
Heap
 def new generation   total 8256K, used 8249K [0x239f0000, 0x242e0000, 0x28f40000)
  eden space 7360K,  99% used [0x239f0000, 0x2411e4a0, 0x24120000)
  from space 896K, 100% used [0x24120000, 0x24200000, 0x24200000)
  to   space 896K,  40% used [0x24200000, 0x2425b300, 0x242e0000)
 tenured generation   total 20644K, used 20423K [0x28f40000, 0x2a466000, 0x339f0000)
   the space 20644K,  98% used [0x28f40000, 0x2a331c98, 0x2a331e00, 0x2a369000)
 compacting perm gen  total 12288K, used 3778K [0x339f0000, 0x345f0000, 0x379f0000)
   the space 12288K,  30% used [0x339f0000, 0x33da0a08, 0x33da0c00, 0x345f0000)
    ro space 10240K,  44% used [0x379f0000, 0x37e67808, 0x37e67a00, 0x383f0000)
    rw space 12288K,  52% used [0x383f0000, 0x38a3e610, 0x38a3e800, 0x38ff0000)
GC Heap History (10 events):
Event: 64.647 GC heap after
Heap after GC invocations=16 (full 3):
 def new generation   total 8256K, used 0K [0x239f0000, 0x242e0000, 0x28f40000)
  eden space 7360K,   0% used [0x239f0000, 0x239f0000, 0x24120000)
  from space 896K,   0% used [0x24120000, 0x24120000, 0x24200000)
  to   space 896K,   0% used [0x24200000, 0x24200000, 0x242e0000)
 tenured generation   total 18156K, used 15188K [0x28f40000, 0x2a0fb000, 0x339f0000)
   the space 18156K,  83% used [0x28f40000, 0x29e150a0, 0x29e15200, 0x2a0fb000)
 compacting perm gen  total 12288K, used 3669K [0x339f0000, 0x345f0000, 0x379f0000)
   the space 12288K,  29% used [0x339f0000, 0x33d85528, 0x33d85600, 0x345f0000)
    ro space 10240K,  44% used [0x379f0000, 0x37e67808, 0x37e67a00, 0x383f0000)
    rw space 12288K,  52% used [0x383f0000, 0x38a3e610, 0x38a3e800, 0x38ff0000)
}
Event: 66.831 GC heap before
{Heap before GC invocations=16 (full 3):
 def new generation   total 8256K, used 7589K [0x239f0000, 0x242e0000, 0x28f40000)
  eden space 7360K,  99% used [0x239f0000, 0x241195d8, 0x24120000)
  from space 896K,  28% used [0x24120000, 0x24160010, 0x24200000)
  to   space 896K,   0% used [0x24200000, 0x24200000, 0x242e0000)
 tenured generation   total 18156K, used 15188K [0x28f40000, 0x2a0fb000, 0x339f0000)
   the space 18156K,  83% used [0x28f40000, 0x29e150a0, 0x29e15200, 0x2a0fb000)
 compacting perm gen  total 12288K, used 3669K [0x339f0000, 0x345f0000, 0x379f0000)
   the space 12288K,  29% used [0x339f0000, 0x33d85588, 0x33d85600, 0x345f0000)
    ro space 10240K,  44% used [0x379f0000, 0x37e67808, 0x37e67a00, 0x383f0000)
    rw space 12288K,  52% used [0x383f0000, 0x38a3e610, 0x38a3e800, 0x38ff0000)
Event: 66.850 GC heap after
Heap after GC invocations=17 (full 3):
 def new generation   total 8256K, used 896K [0x239f0000, 0x242e0000, 0x28f40000)
  eden space 7360K,   0% used [0x239f0000, 0x239f0000, 0x24120000)
  from space 896K, 100% used [0x24200000, 0x242e0000, 0x242e0000)
  to   space 896K,   0% used [0x24120000, 0x24120000, 0x24200000)
 tenured generation   total 18156K, used 17611K [0x28f40000, 0x2a0fb000, 0x339f0000)
   the space 18156K,  97% used [0x28f40000, 0x2a072e60, 0x2a073000, 0x2a0fb000)
 compacting perm gen  total 12288K, used 3669K [0x339f0000, 0x345f0000, 0x379f0000)
   the space 12288K,  29% used [0x339f0000, 0x33d85588, 0x33d85600, 0x345f0000)
    ro space 10240K,  44% used [0x379f0000, 0x37e67808, 0x37e67a00, 0x383f0000)
    rw space 12288K,  52% used [0x383f0000, 0x38a3e610, 0x38a3e800, 0x38ff0000)
}
Event: 68.650 GC heap before
{Heap before GC invocations=17 (full 3):
 def new generation   total 8256K, used 8256K [0x239f0000, 0x242e0000, 0x28f40000)
  eden space 7360K, 100% used [0x239f0000, 0x24120000, 0x24120000)
  from space 896K, 100% used [0x24200000, 0x242e0000, 0x242e0000)
  to   space 896K,   0% used [0x24120000, 0x24120000, 0x24200000)
 tenured generation   total 18156K, used 17611K [0x28f40000, 0x2a0fb000, 0x339f0000)
   the space 18156K,  97% used [0x28f40000, 0x2a072e60, 0x2a073000, 0x2a0fb000)
 compacting perm gen  total 12288K, used 3757K [0x339f0000, 0x345f0000, 0x379f0000)
   the space 12288K,  30% used [0x339f0000, 0x33d9b748, 0x33d9b800, 0x345f0000)
    ro space 10240K,  44% used [0x379f0000, 0x37e67808, 0x37e67a00, 0x383f0000)
    rw space 12288K,  52% used [0x383f0000, 0x38a3e610, 0x38a3e800, 0x38ff0000)
Event: 68.908 GC heap after
Heap after GC invocations=18 (full 4):
 def new generation   total 8256K, used 0K [0x239f0000, 0x242e0000, 0x28f40000)
  eden space 7360K,   0% used [0x239f0000, 0x239f0000, 0x24120000)
  from space 896K,   0% used [0x24120000, 0x24120000, 0x24200000)
  to   space 896K,   0% used [0x24200000, 0x24200000, 0x242e0000)
 tenured generation   total 20644K, used 14047K [0x28f40000, 0x2a369000, 0x339f0000)
   the space 20644K,  68% used [0x28f40000, 0x29cf7dc8, 0x29cf7e00, 0x2a369000)
 compacting perm gen  total 12288K, used 3755K [0x339f0000, 0x345f0000, 0x379f0000)
   the space 12288K,  30% used [0x339f0000, 0x33d9ae58, 0x33d9b000, 0x345f0000)
    ro space 10240K,  44% used [0x379f0000, 0x37e67808, 0x37e67a00, 0x383f0000)
    rw space 12288K,  52% used [0x383f0000, 0x38a3e610, 0x38a3e800, 0x38ff0000)
}
Event: 69.516 GC heap before
{Heap before GC invocations=18 (full 4):
 def new generation   total 8256K, used 7360K [0x239f0000, 0x242e0000, 0x28f40000)
  eden space 7360K, 100% used [0x239f0000, 0x24120000, 0x24120000)
  from space 896K,   0% used [0x24120000, 0x24120200, 0x24200000)
  to   space 896K,   0% used [0x24200000, 0x24200000, 0x242e0000)
 tenured generation   total 20644K, used 14047K [0x28f40000, 0x2a369000, 0x339f0000)
   the space 20644K,  68% used [0x28f40000, 0x29cf7dc8, 0x29cf7e00, 0x2a369000)
 compacting perm gen  total 12288K, used 3758K [0x339f0000, 0x345f0000, 0x379f0000)
   the space 12288K,  30% used [0x339f0000, 0x33d9bb68, 0x33d9bc00, 0x345f0000)
    ro space 10240K,  44% used [0x379f0000, 0x37e67808, 0x37e67a00, 0x383f0000)
    rw space 12288K,  52% used [0x383f0000, 0x38a3e610, 0x38a3e800, 0x38ff0000)
Event: 69.526 GC heap after
Heap after GC invocations=19 (full 4):
 def new generation   total 8256K, used 316K [0x239f0000, 0x242e0000, 0x28f40000)
  eden space 7360K,   0% used [0x239f0000, 0x239f0000, 0x24120000)
  from space 896K,  35% used [0x24200000, 0x2424f148, 0x242e0000)
  to   space 896K,   0% used [0x24120000, 0x24120000, 0x24200000)
 tenured generation   total 20644K, used 17460K [0x28f40000, 0x2a369000, 0x339f0000)
   the space 20644K,  84% used [0x28f40000, 0x2a04d210, 0x2a04d400, 0x2a369000)
 compacting perm gen  total 12288K, used 3758K [0x339f0000, 0x345f0000, 0x379f0000)
   the space 12288K,  30% used [0x339f0000, 0x33d9bb68, 0x33d9bc00, 0x345f0000)
    ro space 10240K,  44% used [0x379f0000, 0x37e67808, 0x37e67a00, 0x383f0000)
    rw space 12288K,  52% used [0x383f0000, 0x38a3e610, 0x38a3e800, 0x38ff0000)
}
Event: 74.871 GC heap before
{Heap before GC invocations=19 (full 4):
 def new generation   total 8256K, used 7676K [0x239f0000, 0x242e0000, 0x28f40000)
  eden space 7360K, 100% used [0x239f0000, 0x24120000, 0x24120000)
  from space 896K,  35% used [0x24200000, 0x2424f148, 0x242e0000)
  to   space 896K,   0% used [0x24120000, 0x24120000, 0x24200000)
 tenured generation   total 20644K, used 17460K [0x28f40000, 0x2a369000, 0x339f0000)
   the space 20644K,  84% used [0x28f40000, 0x2a04d210, 0x2a04d400, 0x2a369000)
 compacting perm gen  total 12288K, used 3758K [0x339f0000, 0x345f0000, 0x379f0000)
   the space 12288K,  30% used [0x339f0000, 0x33d9bba8, 0x33d9bc00, 0x345f0000)
    ro space 10240K,  44% used [0x379f0000, 0x37e67808, 0x37e67a00, 0x383f0000)
    rw space 12288K,  52% used [0x383f0000, 0x38a3e610, 0x38a3e800, 0x38ff0000)
Event: 74.910 GC heap after
Heap after GC invocations=20 (full 4):
 def new generation   total 8256K, used 896K [0x239f0000, 0x242e0000, 0x28f40000)
  eden space 7360K,   0% used [0x239f0000, 0x239f0000, 0x24120000)
  from space 896K, 100% used [0x24120000, 0x24200000, 0x24200000)
  to   space 896K,   0% used [0x24200000, 0x24200000, 0x242e0000)
 tenured generation   total 20644K, used 19221K [0x28f40000, 0x2a369000, 0x339f0000)
   the space 20644K,  93% used [0x28f40000, 0x2a205628, 0x2a205800, 0x2a369000)
 compacting perm gen  total 12288K, used 3758K [0x339f0000, 0x345f0000, 0x379f0000)
   the space 12288K,  30% used [0x339f0000, 0x33d9bba8, 0x33d9bc00, 0x345f0000)
    ro space 10240K,  44% used [0x379f0000, 0x37e67808, 0x37e67a00, 0x383f0000)
    rw space 12288K,  52% used [0x383f0000, 0x38a3e610, 0x38a3e800, 0x38ff0000)
}
Event: 77.959 GC heap before
{Heap before GC invocations=20 (full 4):
 def new generation   total 8256K, used 8249K [0x239f0000, 0x242e0000, 0x28f40000)
  eden space 7360K,  99% used [0x239f0000, 0x2411e4a0, 0x24120000)
  from space 896K, 100% used [0x24120000, 0x24200000, 0x24200000)
  to   space 896K,   0% used [0x24200000, 0x24200000, 0x242e0000)
 tenured generation   total 20644K, used 19221K [0x28f40000, 0x2a369000, 0x339f0000)
   the space 20644K,  93% used [0x28f40000, 0x2a205628, 0x2a205800, 0x2a369000)
 compacting perm gen  total 12288K, used 3778K [0x339f0000, 0x345f0000, 0x379f0000)
   the space 12288K,  30% used [0x339f0000, 0x33da0a08, 0x33da0c00, 0x345f0000)
    ro space 10240K,  44% used [0x379f0000, 0x37e67808, 0x37e67a00, 0x383f0000)
    rw space 12288K,  52% used [0x383f0000, 0x38a3e610, 0x38a3e800, 0x38ff0000)

