# JRE version: Java(TM) SE Runtime Environment (7.0_45-b18) (build 1.7.0_45-b18)
# Java VM: Java HotSpot(TM) Client VM (24.45-b08 mixed mode, sharing windows-x86 )
Heap
 def new generation   total 5440K, used 621K [0x239f0000, 0x23fd0000, 0x28f40000)
  eden space 4864K,  12% used [0x239f0000, 0x23a8b4f8, 0x23eb0000)
  from space 576K,   0% used [0x23f40000, 0x23f40000, 0x23fd0000)
  to   space 576K,   0% used [0x23eb0000, 0x23eb0000, 0x23f40000)
 tenured generation   total 12632K, used 9450K [0x28f40000, 0x29b96000, 0x339f0000)
   the space 12632K,  74% used [0x28f40000, 0x2987aa28, 0x2987ac00, 0x29b96000)
 compacting perm gen  total 12288K, used 3404K [0x339f0000, 0x345f0000, 0x379f0000)
   the space 12288K,  27% used [0x339f0000, 0x33d43280, 0x33d43400, 0x345f0000)
    ro space 10240K,  44% used [0x379f0000, 0x37e67808, 0x37e67a00, 0x383f0000)
    rw space 12288K,  52% used [0x383f0000, 0x38a3e610, 0x38a3e800, 0x38ff0000)
GC Heap History (10 events):
Event: 14.161 GC heap before
{Heap before GC invocations=5 (full 0):
 def new generation   total 4928K, used 4795K [0x239f0000, 0x23f40000, 0x28f40000)
  eden space 4416K,  97% used [0x239f0000, 0x23e23d90, 0x23e40000)
  from space 512K,  96% used [0x23ec0000, 0x23f3b0e0, 0x23f40000)
  to   space 512K,   0% used [0x23e40000, 0x23e40000, 0x23ec0000)
 tenured generation   total 10944K, used 8616K [0x28f40000, 0x299f0000, 0x339f0000)
   the space 10944K,  78% used [0x28f40000, 0x297aa390, 0x297aa400, 0x299f0000)
 compacting perm gen  total 12288K, used 1713K [0x339f0000, 0x345f0000, 0x379f0000)
   the space 12288K,  13% used [0x339f0000, 0x33b9c7e8, 0x33b9c800, 0x345f0000)
    ro space 10240K,  44% used [0x379f0000, 0x37e67808, 0x37e67a00, 0x383f0000)
    rw space 12288K,  52% used [0x383f0000, 0x38a3e610, 0x38a3e800, 0x38ff0000)
Event: 14.172 GC heap after
Heap after GC invocations=6 (full 0):
 def new generation   total 4928K, used 512K [0x239f0000, 0x23f40000, 0x28f40000)
  eden space 4416K,   0% used [0x239f0000, 0x239f0000, 0x23e40000)
  from space 512K, 100% used [0x23e40000, 0x23ec0000, 0x23ec0000)
  to   space 512K,   0% used [0x23ec0000, 0x23ec0000, 0x23f40000)
 tenured generation   total 10944K, used 10138K [0x28f40000, 0x299f0000, 0x339f0000)
   the space 10944K,  92% used [0x28f40000, 0x29926b10, 0x29926c00, 0x299f0000)
 compacting perm gen  total 12288K, used 1713K [0x339f0000, 0x345f0000, 0x379f0000)
   the space 12288K,  13% used [0x339f0000, 0x33b9c7e8, 0x33b9c800, 0x345f0000)
    ro space 10240K,  44% used [0x379f0000, 0x37e67808, 0x37e67a00, 0x383f0000)
    rw space 12288K,  52% used [0x383f0000, 0x38a3e610, 0x38a3e800, 0x38ff0000)
}
Event: 15.212 GC heap before
{Heap before GC invocations=6 (full 0):
 def new generation   total 4928K, used 4786K [0x239f0000, 0x23f40000, 0x28f40000)
  eden space 4416K,  96% used [0x239f0000, 0x23e1ca90, 0x23e40000)
  from space 512K, 100% used [0x23e40000, 0x23ec0000, 0x23ec0000)
  to   space 512K,   0% used [0x23ec0000, 0x23ec0000, 0x23f40000)
 tenured generation   total 10944K, used 10138K [0x28f40000, 0x299f0000, 0x339f0000)
   the space 10944K,  92% used [0x28f40000, 0x29926b10, 0x29926c00, 0x299f0000)
 compacting perm gen  total 12288K, used 1897K [0x339f0000, 0x345f0000, 0x379f0000)
   the space 12288K,  15% used [0x339f0000, 0x33bca6d8, 0x33bca800, 0x345f0000)
    ro space 10240K,  44% used [0x379f0000, 0x37e67808, 0x37e67a00, 0x383f0000)
    rw space 12288K,  52% used [0x383f0000, 0x38a3e610, 0x38a3e800, 0x38ff0000)
Event: 15.344 GC heap after
Heap after GC invocations=7 (full 1):
 def new generation   total 5440K, used 0K [0x239f0000, 0x23fd0000, 0x28f40000)
  eden space 4864K,   0% used [0x239f0000, 0x239f0000, 0x23eb0000)
  from space 576K,   0% used [0x23eb0000, 0x23eb0000, 0x23f40000)
  to   space 576K,   0% used [0x23f40000, 0x23f40000, 0x23fd0000)
 tenured generation   total 11956K, used 9141K [0x28f40000, 0x29aed000, 0x339f0000)
   the space 11956K,  76% used [0x28f40000, 0x2982d418, 0x2982d600, 0x29aed000)
 compacting perm gen  total 12288K, used 1897K [0x339f0000, 0x345f0000, 0x379f0000)
   the space 12288K,  15% used [0x339f0000, 0x33bca6d8, 0x33bca800, 0x345f0000)
    ro space 10240K,  44% used [0x379f0000, 0x37e67808, 0x37e67a00, 0x383f0000)
    rw space 12288K,  52% used [0x383f0000, 0x38a3e610, 0x38a3e800, 0x38ff0000)
}
Event: 16.297 GC heap before
{Heap before GC invocations=7 (full 1):
 def new generation   total 5440K, used 4864K [0x239f0000, 0x23fd0000, 0x28f40000)
  eden space 4864K, 100% used [0x239f0000, 0x23eb0000, 0x23eb0000)
  from space 576K,   0% used [0x23eb0000, 0x23eb0000, 0x23f40000)
  to   space 576K,   0% used [0x23f40000, 0x23f40000, 0x23fd0000)
 tenured generation   total 11956K, used 9141K [0x28f40000, 0x29aed000, 0x339f0000)
   the space 11956K,  76% used [0x28f40000, 0x2982d418, 0x2982d600, 0x29aed000)
 compacting perm gen  total 12288K, used 2833K [0x339f0000, 0x345f0000, 0x379f0000)
   the space 12288K,  23% used [0x339f0000, 0x33cb4450, 0x33cb4600, 0x345f0000)
    ro space 10240K,  44% used [0x379f0000, 0x37e67808, 0x37e67a00, 0x383f0000)
    rw space 12288K,  52% used [0x383f0000, 0x38a3e610, 0x38a3e800, 0x38ff0000)
Event: 16.311 GC heap after
Heap after GC invocations=8 (full 1):
 def new generation   total 5440K, used 576K [0x239f0000, 0x23fd0000, 0x28f40000)
  eden space 4864K,   0% used [0x239f0000, 0x239f0000, 0x23eb0000)
  from space 576K, 100% used [0x23f40000, 0x23fd0000, 0x23fd0000)
  to   space 576K,   0% used [0x23eb0000, 0x23eb0000, 0x23f40000)
 tenured generation   total 11956K, used 10631K [0x28f40000, 0x29aed000, 0x339f0000)
   the space 11956K,  88% used [0x28f40000, 0x299a1ff0, 0x299a2000, 0x29aed000)
 compacting perm gen  total 12288K, used 2833K [0x339f0000, 0x345f0000, 0x379f0000)
   the space 12288K,  23% used [0x339f0000, 0x33cb4450, 0x33cb4600, 0x345f0000)
    ro space 10240K,  44% used [0x379f0000, 0x37e67808, 0x37e67a00, 0x383f0000)
    rw space 12288K,  52% used [0x383f0000, 0x38a3e610, 0x38a3e800, 0x38ff0000)
}
Event: 17.692 GC heap before
{Heap before GC invocations=8 (full 1):
 def new generation   total 5440K, used 5021K [0x239f0000, 0x23fd0000, 0x28f40000)
  eden space 4864K,  91% used [0x239f0000, 0x23e47738, 0x23eb0000)
  from space 576K, 100% used [0x23f40000, 0x23fd0000, 0x23fd0000)
  to   space 576K,   0% used [0x23eb0000, 0x23eb0000, 0x23f40000)
 tenured generation   total 11956K, used 10631K [0x28f40000, 0x29aed000, 0x339f0000)
   the space 11956K,  88% used [0x28f40000, 0x299a1ff0, 0x299a2000, 0x29aed000)
 compacting perm gen  total 12288K, used 3390K [0x339f0000, 0x345f0000, 0x379f0000)
   the space 12288K,  27% used [0x339f0000, 0x33d3fb30, 0x33d3fc00, 0x345f0000)
    ro space 10240K,  44% used [0x379f0000, 0x37e67808, 0x37e67a00, 0x383f0000)
    rw space 12288K,  52% used [0x383f0000, 0x38a3e610, 0x38a3e800, 0x38ff0000)
Event: 17.704 GC heap after
Heap after GC invocations=9 (full 1):
 def new generation   total 5440K, used 576K [0x239f0000, 0x23fd0000, 0x28f40000)
  eden space 4864K,   0% used [0x239f0000, 0x239f0000, 0x23eb0000)
  from space 576K, 100% used [0x23eb0000, 0x23f40000, 0x23f40000)
  to   space 576K,   0% used [0x23f40000, 0x23f40000, 0x23fd0000)
 tenured generation   total 11956K, used 11617K [0x28f40000, 0x29aed000, 0x339f0000)
   the space 11956K,  97% used [0x28f40000, 0x29a98518, 0x29a98600, 0x29aed000)
 compacting perm gen  total 12288K, used 3390K [0x339f0000, 0x345f0000, 0x379f0000)
   the space 12288K,  27% used [0x339f0000, 0x33d3fb30, 0x33d3fc00, 0x345f0000)
    ro space 10240K,  44% used [0x379f0000, 0x37e67808, 0x37e67a00, 0x383f0000)
    rw space 12288K,  52% used [0x383f0000, 0x38a3e610, 0x38a3e800, 0x38ff0000)
}
Event: 19.320 GC heap before
{Heap before GC invocations=9 (full 1):
 def new generation   total 5440K, used 5122K [0x239f0000, 0x23fd0000, 0x28f40000)
  eden space 4864K,  93% used [0x239f0000, 0x23e60928, 0x23eb0000)
  from space 576K, 100% used [0x23eb0000, 0x23f40000, 0x23f40000)
  to   space 576K,   0% used [0x23f40000, 0x23f40000, 0x23fd0000)
 tenured generation   total 11956K, used 11617K [0x28f40000, 0x29aed000, 0x339f0000)
   the space 11956K,  97% used [0x28f40000, 0x29a98518, 0x29a98600, 0x29aed000)
 compacting perm gen  total 12288K, used 3400K [0x339f0000, 0x345f0000, 0x379f0000)
   the space 12288K,  27% used [0x339f0000, 0x33d42108, 0x33d42200, 0x345f0000)
    ro space 10240K,  44% used [0x379f0000, 0x37e67808, 0x37e67a00, 0x383f0000)
    rw space 12288K,  52% used [0x383f0000, 0x38a3e610, 0x38a3e800, 0x38ff0000)
Event: 19.543 GC heap after
Heap after GC invocations=10 (full 2):
 def new generation   total 5440K, used 0K [0x239f0000, 0x23fd0000, 0x28f40000)
  eden space 4864K,   0% used [0x239f0000, 0x239f0000, 0x23eb0000)
  from space 576K,   0% used [0x23f40000, 0x23f40000, 0x23fd0000)
  to   space 576K,   0% used [0x23eb0000, 0x23eb0000, 0x23f40000)
 tenured generation   total 12632K, used 9450K [0x28f40000, 0x29b96000, 0x339f0000)
   the space 12632K,  74% used [0x28f40000, 0x2987aa28, 0x2987ac00, 0x29b96000)
 compacting perm gen  total 12288K, used 3400K [0x339f0000, 0x345f0000, 0x379f0000)
   the space 12288K,  27% used [0x339f0000, 0x33d42108, 0x33d42200, 0x345f0000)
    ro space 10240K,  44% used [0x379f0000, 0x37e67808, 0x37e67a00, 0x383f0000)
    rw space 12288K,  52% used [0x383f0000, 0x38a3e610, 0x38a3e800, 0x38ff0000)
}

